app/build/intermediates/manifest_merge_blame_file/release/manifest-merger-blame-release-report.txt
1<?xml version="1.0" encoding="utf-8"?>
2<manifest xmlns:android="http://schemas.android.com/apk/res/android"
3    package="xyz.tr3x.TaskTarea"
4    android:versionCode="1"
5    android:versionName="1.0" >
6
7    <uses-sdk
8        android:minSdkVersion="31"
8-->src\main\AndroidManifest.xml
9        android:targetSdkVersion="31" />
9-->src\main\AndroidManifest.xml
10
11    <uses-permission android:name="android.permission.WAKE_LOCK" />
11-->src\main\AndroidManifest.xml:43:5-68
11-->src\main\AndroidManifest.xml:43:22-65
12    <uses-permission android:name="android.permission.RECEIVE_BOOT_COMPLETED" />
12-->src\main\AndroidManifest.xml:44:5-81
12-->src\main\AndroidManifest.xml:44:22-78
13
14    <application
14-->src\main\AndroidManifest.xml:5:5-41:19
15        android:name="xyz.tr3x.TaskTarea.AppController"
15-->src\main\AndroidManifest.xml:6:9-56
16        android:allowBackup="true"
16-->src\main\AndroidManifest.xml:7:9-35
17        android:appComponentFactory="androidx.core.app.CoreComponentFactory"
17-->[androidx.core:core:1.1.0] AndroidManifest.xml:24:18-86
18        android:extractNativeLibs="false"
19        android:icon="@drawable/ic_launcher"
19-->src\main\AndroidManifest.xml:8:9-45
20        android:label="@string/app_name"
20-->src\main\AndroidManifest.xml:11:9-41
21        android:logo="@drawable/ic_launcher"
21-->src\main\AndroidManifest.xml:10:9-45
22        android:roundIcon="@drawable/ic_launcher"
22-->src\main\AndroidManifest.xml:9:9-50
23        android:supportsRtl="true"
23-->src\main\AndroidManifest.xml:12:9-35
24        android:theme="@style/AppTheme" >
24-->src\main\AndroidManifest.xml:13:9-40
25        <activity android:name="xyz.tr3x.TaskTarea.activity.AlarmActivity" />
25-->src\main\AndroidManifest.xml:14:9-87
25-->src\main\AndroidManifest.xml:14:19-75
26        <activity
26-->src\main\AndroidManifest.xml:15:9-21:20
27            android:name="xyz.tr3x.TaskTarea.activity.MainActivity"
27-->src\main\AndroidManifest.xml:15:19-74
28            android:exported="true" >
28-->src\main\AndroidManifest.xml:16:13-36
29            <intent-filter>
29-->src\main\AndroidManifest.xml:17:13-20:29
30                <action android:name="android.intent.action.MAIN" />
30-->src\main\AndroidManifest.xml:18:17-69
30-->src\main\AndroidManifest.xml:18:25-66
31
32                <category android:name="android.intent.category.LAUNCHER" />
32-->src\main\AndroidManifest.xml:19:17-77
32-->src\main\AndroidManifest.xml:19:27-74
33            </intent-filter>
34        </activity>
35
36        <receiver
36-->src\main\AndroidManifest.xml:23:9-28:20
37            android:name="xyz.tr3x.TaskTarea.broadcastReceiver.AlarmBroadcastReceiver"
37-->src\main\AndroidManifest.xml:23:19-93
38            android:exported="true" >
38-->src\main\AndroidManifest.xml:24:13-36
39            <intent-filter>
39-->src\main\AndroidManifest.xml:25:13-27:29
40                <action android:name="android.intent.action.BOOT_COMPLETED" />
40-->src\main\AndroidManifest.xml:26:17-79
40-->src\main\AndroidManifest.xml:26:25-76
41            </intent-filter>
42        </receiver>
43        <receiver
43-->src\main\AndroidManifest.xml:29:9-34:20
44            android:name="com.zubair.alarmmanager.receivers.BootCompleteReceiver"
44-->src\main\AndroidManifest.xml:29:19-88
45            android:exported="true" >
45-->src\main\AndroidManifest.xml:30:13-36
46            <intent-filter>
46-->src\main\AndroidManifest.xml:25:13-27:29
47                <action android:name="android.intent.action.BOOT_COMPLETED" />
47-->src\main\AndroidManifest.xml:26:17-79
47-->src\main\AndroidManifest.xml:26:25-76
48            </intent-filter>
49        </receiver>
50
51        <service
51-->src\main\AndroidManifest.xml:37:9-40:45
52            android:name="xyz.tr3x.TaskTarea.broadcastReceiver.AlarmService"
52-->src\main\AndroidManifest.xml:37:18-82
53            android:enabled="true"
53-->src\main\AndroidManifest.xml:38:13-35
54            android:exported="true" />
54-->src\main\AndroidManifest.xml:39:13-36
55        <service
55-->[androidx.room:room-runtime:2.2.5] AndroidManifest.xml:25:9-28:40
56            android:name="androidx.room.MultiInstanceInvalidationService"
56-->[androidx.room:room-runtime:2.2.5] AndroidManifest.xml:26:13-74
57            android:directBootAware="true"
57-->[androidx.room:room-runtime:2.2.5] AndroidManifest.xml:27:13-43
58            android:exported="false" />
58-->[androidx.room:room-runtime:2.2.5] AndroidManifest.xml:28:13-37
59    </application>
60
61</manifest>